# JRE version: Java(TM) SE Runtime Environment (8.0_131-b11) (build 1.8.0_131-b11)
# Java VM: Java HotSpot(TM) Client VM (25.131-b11 mixed mode windows-x86 )
Heap:
 def new generation   total 40512K, used 18883K [0x03e00000, 0x069f0000, 0x19350000)
  eden space 36032K,  40% used [0x03e00000, 0x04c5e190, 0x06130000)
  from space 4480K,  93% used [0x06130000, 0x06542ba8, 0x06590000)
  to   space 4480K,   0% used [0x06590000, 0x06590000, 0x069f0000)
 tenured generation   total 89696K, used 49359K [0x19350000, 0x1eae8000, 0x43e00000)
   the space 89696K,  55% used [0x19350000, 0x1c383c98, 0x1c383e00, 0x1eae8000)
 Metaspace       used 55250K, capacity 57114K, committed 57728K, reserved 57728K
GC Heap History (10 events):
Event: 369.179 GC heap before
{Heap before GC invocations=162 (full 7):
 def new generation   total 40576K, used 38417K [0x03e00000, 0x06a00000, 0x19350000)
  eden space 36096K, 100% used [0x03e00000, 0x06140000, 0x06140000)
  from space 4480K,  51% used [0x06140000, 0x06384688, 0x065a0000)
  to   space 4480K,   0% used [0x065a0000, 0x065a0000, 0x06a00000)
 tenured generation   total 89696K, used 87886K [0x19350000, 0x1eae8000, 0x43e00000)
   the space 89696K,  97% used [0x19350000, 0x1e9239e8, 0x1e923a00, 0x1eae8000)
 Metaspace       used 53584K, capacity 55592K, committed 55680K, reserved 55680K
Event: 369.195 GC heap after
Heap after GC invocations=163 (full 7):
 def new generation   total 40576K, used 2859K [0x03e00000, 0x06a00000, 0x19350000)
  eden space 36096K,   0% used [0x03e00000, 0x03e00000, 0x06140000)
  from space 4480K,  63% used [0x065a0000, 0x0686af00, 0x06a00000)
  to   space 4480K,   0% used [0x06140000, 0x06140000, 0x065a0000)
 tenured generation   total 89696K, used 88238K [0x19350000, 0x1eae8000, 0x43e00000)
   the space 89696K,  98% used [0x19350000, 0x1e97bb50, 0x1e97bc00, 0x1eae8000)
 Metaspace       used 53584K, capacity 55592K, committed 55680K, reserved 55680K
}
Event: 376.781 GC heap before
{Heap before GC invocations=163 (full 7):
 def new generation   total 40576K, used 38955K [0x03e00000, 0x06a00000, 0x19350000)
  eden space 36096K, 100% used [0x03e00000, 0x06140000, 0x06140000)
  from space 4480K,  63% used [0x065a0000, 0x0686af00, 0x06a00000)
  to   space 4480K,   0% used [0x06140000, 0x06140000, 0x065a0000)
 tenured generation   total 89696K, used 88238K [0x19350000, 0x1eae8000, 0x43e00000)
   the space 89696K,  98% used [0x19350000, 0x1e97bb50, 0x1e97bc00, 0x1eae8000)
 Metaspace       used 54895K, capacity 56974K, committed 57088K, reserved 57728K
Event: 376.797 GC heap after
Heap after GC invocations=164 (full 7):
 def new generation   total 40576K, used 3853K [0x03e00000, 0x06a00000, 0x19350000)
  eden space 36096K,   0% used [0x03e00000, 0x03e00000, 0x06140000)
  from space 4480K,  86% used [0x06140000, 0x06503420, 0x065a0000)
  to   space 4480K,   0% used [0x065a0000, 0x065a0000, 0x06a00000)
 tenured generation   total 89696K, used 89257K [0x19350000, 0x1eae8000, 0x43e00000)
   the space 89696K,  99% used [0x19350000, 0x1ea7a518, 0x1ea7a600, 0x1eae8000)
 Metaspace       used 54895K, capacity 56974K, committed 57088K, reserved 57728K
}
Event: 377.694 GC heap before
{Heap before GC invocations=164 (full 7):
 def new generation   total 40576K, used 39949K [0x03e00000, 0x06a00000, 0x19350000)
  eden space 36096K, 100% used [0x03e00000, 0x06140000, 0x06140000)
  from space 4480K,  86% used [0x06140000, 0x06503420, 0x065a0000)
  to   space 4480K,   0% used [0x065a0000, 0x065a0000, 0x06a00000)
 tenured generation   total 89696K, used 89257K [0x19350000, 0x1eae8000, 0x43e00000)
   the space 89696K,  99% used [0x19350000, 0x1ea7a518, 0x1ea7a600, 0x1eae8000)
 Metaspace       used 54951K, capacity 57024K, committed 57088K, reserved 57728K
Event: 377.925 GC heap after
Heap after GC invocations=165 (full 8):
 def new generation   total 40512K, used 0K [0x03e00000, 0x069f0000, 0x19350000)
  eden space 36032K,   0% used [0x03e00000, 0x03e00000, 0x06130000)
  from space 4480K,   0% used [0x06130000, 0x06130000, 0x06590000)
  to   space 4480K,   0% used [0x06590000, 0x06590000, 0x069f0000)
 tenured generation   total 89696K, used 46120K [0x19350000, 0x1eae8000, 0x43e00000)
   the space 89696K,  51% used [0x19350000, 0x1c05a388, 0x1c05a400, 0x1eae8000)
 Metaspace       used 54514K, capacity 56342K, committed 57088K, reserved 57728K
}
Event: 379.346 GC heap before
{Heap before GC invocations=165 (full 8):
 def new generation   total 40512K, used 36032K [0x03e00000, 0x069f0000, 0x19350000)
  eden space 36032K, 100% used [0x03e00000, 0x06130000, 0x06130000)
  from space 4480K,   0% used [0x06130000, 0x06130000, 0x06590000)
  to   space 4480K,   0% used [0x06590000, 0x06590000, 0x069f0000)
 tenured generation   total 89696K, used 46120K [0x19350000, 0x1eae8000, 0x43e00000)
   the space 89696K,  51% used [0x19350000, 0x1c05a388, 0x1c05a400, 0x1eae8000)
 Metaspace       used 54928K, capacity 56773K, committed 57344K, reserved 57728K
Event: 379.366 GC heap after
Heap after GC invocations=166 (full 8):
 def new generation   total 40512K, used 3841K [0x03e00000, 0x069f0000, 0x19350000)
  eden space 36032K,   0% used [0x03e00000, 0x03e00000, 0x06130000)
  from space 4480K,  85% used [0x06590000, 0x06950798, 0x069f0000)
  to   space 4480K,   0% used [0x06130000, 0x06130000, 0x06590000)
 tenured generation   total 89696K, used 46120K [0x19350000, 0x1eae8000, 0x43e00000)
   the space 89696K,  51% used [0x19350000, 0x1c05a388, 0x1c05a400, 0x1eae8000)
 Metaspace       used 54928K, capacity 56773K, committed 57344K, reserved 57728K
}
Event: 380.983 GC heap before
{Heap before GC invocations=166 (full 8):
 def new generation   total 40512K, used 39873K [0x03e00000, 0x069f0000, 0x19350000)
  eden space 36032K, 100% used [0x03e00000, 0x06130000, 0x06130000)
  from space 4480K,  85% used [0x06590000, 0x06950798, 0x069f0000)
  to   space 4480K,   0% used [0x06130000, 0x06130000, 0x06590000)
 tenured generation   total 89696K, used 46120K [0x19350000, 0x1eae8000, 0x43e00000)
   the space 89696K,  51% used [0x19350000, 0x1c05a388, 0x1c05a400, 0x1eae8000)
 Metaspace       used 55139K, capacity 56983K, committed 57600K, reserved 57728K
Event: 380.998 GC heap after
Heap after GC invocations=167 (full 8):
 def new generation   total 40512K, used 4170K [0x03e00000, 0x069f0000, 0x19350000)
  eden space 36032K,   0% used [0x03e00000, 0x03e00000, 0x06130000)
  from space 4480K,  93% used [0x06130000, 0x06542ba8, 0x06590000)
  to   space 4480K,   0% used [0x06590000, 0x06590000, 0x069f0000)
 tenured generation   total 89696K, used 49359K [0x19350000, 0x1eae8000, 0x43e00000)
   the space 89696K,  55% used [0x19350000, 0x1c383c98, 0x1c383e00, 0x1eae8000)
 Metaspace       used 55139K, capacity 56983K, committed 57600K, reserved 57728K
}

